Dec-07 03:23:38.878 [main] DEBUG nextflow.cli.Launcher - $> nextflow run allcaps.nf
Dec-07 03:23:38.950 [main] DEBUG nextflow.cli.CmdRun - N E X T F L O W  ~  version 24.10.2
Dec-07 03:23:38.968 [main] DEBUG nextflow.plugin.PluginsFacade - Setting up plugin manager > mode=prod; embedded=false; plugins-dir=/Users/aarond/.nextflow/plugins; core-plugins: nf-amazon@2.9.2,nf-azure@1.10.2,nf-cloudcache@0.4.2,nf-codecommit@0.2.2,nf-console@1.1.4,nf-google@1.15.2,nf-tower@1.9.3,nf-wave@1.7.4
Dec-07 03:23:38.997 [main] INFO  o.pf4j.DefaultPluginStatusProvider - Enabled plugins: []
Dec-07 03:23:38.998 [main] INFO  o.pf4j.DefaultPluginStatusProvider - Disabled plugins: []
Dec-07 03:23:39.001 [main] INFO  org.pf4j.DefaultPluginManager - PF4J version 3.12.0 in 'deployment' mode
Dec-07 03:23:39.013 [main] INFO  org.pf4j.AbstractPluginManager - No plugins
Dec-07 03:23:39.029 [main] DEBUG nextflow.config.ConfigBuilder - Found config local: /Users/aarond/Documents/mini-assignments-aarons767/A15_Nextflow/nextflow.config
Dec-07 03:23:39.031 [main] DEBUG nextflow.config.ConfigBuilder - Parsing config file: /Users/aarond/Documents/mini-assignments-aarons767/A15_Nextflow/nextflow.config
Dec-07 03:23:39.054 [main] DEBUG n.secret.LocalSecretsProvider - Secrets store: /Users/aarond/.nextflow/secrets/store.json
Dec-07 03:23:39.057 [main] DEBUG nextflow.secret.SecretsLoader - Discovered secrets providers: [nextflow.secret.LocalSecretsProvider@3a43d133] - activable => nextflow.secret.LocalSecretsProvider@3a43d133
Dec-07 03:23:39.060 [main] DEBUG nextflow.config.ConfigBuilder - Applying config profile: `standard`
Dec-07 03:23:39.348 [main] DEBUG nextflow.cli.CmdRun - Applied DSL=2 by global default
Dec-07 03:23:39.368 [main] DEBUG nextflow.cli.CmdRun - Launching `allcaps.nf` [stoic_hamilton] DSL2 - revision: 790bca0971
Dec-07 03:23:39.369 [main] DEBUG nextflow.plugin.PluginsFacade - Plugins default=[]
Dec-07 03:23:39.369 [main] DEBUG nextflow.plugin.PluginsFacade - Plugins resolved requirement=[]
Dec-07 03:23:39.412 [main] DEBUG nextflow.Session - Session UUID: b413d4f0-9ed1-4343-98c5-57eeb21163d0
Dec-07 03:23:39.412 [main] DEBUG nextflow.Session - Run name: stoic_hamilton
Dec-07 03:23:39.412 [main] DEBUG nextflow.Session - Executor pool size: 8
Dec-07 03:23:39.418 [main] DEBUG nextflow.file.FilePorter - File porter settings maxRetries=3; maxTransfers=50; pollTimeout=null
Dec-07 03:23:39.422 [main] DEBUG nextflow.util.ThreadPoolBuilder - Creating thread pool 'FileTransfer' minSize=10; maxSize=24; workQueue=LinkedBlockingQueue[10000]; allowCoreThreadTimeout=false
Dec-07 03:23:39.443 [main] DEBUG nextflow.cli.CmdRun - 
  Version: 24.10.2 build 5932
  Created: 27-11-2024 21:23 UTC (13:23 PDT)
  System: Mac OS X 15.1
  Runtime: Groovy 4.0.23 on Java HotSpot(TM) 64-Bit Server VM 22.0.1+8-16
  Encoding: UTF-8 (UTF-8)
  Process: 6672@Aarons-MacBook-Pro.local [127.0.0.1]
  CPUs: 8 - Mem: 16 GB (68.8 MB) - Swap: 4 GB (746 MB)
Dec-07 03:23:39.452 [main] DEBUG nextflow.Session - Work-dir: /Users/aarond/Documents/mini-assignments-aarons767/A15_Nextflow/work [Mac OS X]
Dec-07 03:23:39.453 [main] DEBUG nextflow.Session - Script base path does not exist or is not a directory: /Users/aarond/Documents/mini-assignments-aarons767/A15_Nextflow/bin
Dec-07 03:23:39.462 [main] DEBUG nextflow.executor.ExecutorFactory - Extension executors providers=[]
Dec-07 03:23:39.471 [main] DEBUG nextflow.Session - Observer factory: DefaultObserverFactory
Dec-07 03:23:39.485 [main] DEBUG nextflow.cache.CacheFactory - Using Nextflow cache factory: nextflow.cache.DefaultCacheFactory
Dec-07 03:23:39.492 [main] DEBUG nextflow.util.CustomThreadPool - Creating default thread pool > poolSize: 9; maxThreads: 1000
Dec-07 03:23:39.536 [main] DEBUG nextflow.Session - Session start
Dec-07 03:23:39.721 [main] DEBUG nextflow.script.ScriptRunner - > Launching execution
Dec-07 03:23:39.777 [main] DEBUG nextflow.executor.ExecutorFactory - << taskConfig executor: null
Dec-07 03:23:39.777 [main] DEBUG nextflow.executor.ExecutorFactory - >> processorType: 'local'
Dec-07 03:23:39.781 [main] DEBUG nextflow.executor.Executor - [warm up] executor > local
Dec-07 03:23:39.786 [main] DEBUG n.processor.LocalPollingMonitor - Creating local task monitor for executor 'local' > cpus=8; memory=16 GB; capacity=8; pollInterval=100ms; dumpInterval=5m
Dec-07 03:23:39.787 [main] DEBUG n.processor.TaskPollingMonitor - >>> barrier register (monitor: local)
Dec-07 03:23:39.831 [main] DEBUG nextflow.Session - Workflow process names [dsl2]: uppercase
Dec-07 03:23:39.832 [main] DEBUG nextflow.Session - Igniting dataflow network (2)
Dec-07 03:23:39.832 [main] DEBUG nextflow.processor.TaskProcessor - Starting process > uppercase
Dec-07 03:23:39.833 [main] DEBUG nextflow.script.ScriptRunner - Parsed script files:
  Script_5bfb4e8b10f4b1a6: /Users/aarond/Documents/mini-assignments-aarons767/A15_Nextflow/allcaps.nf
Dec-07 03:23:39.833 [main] DEBUG nextflow.script.ScriptRunner - > Awaiting termination 
Dec-07 03:23:39.833 [main] DEBUG nextflow.Session - Session await
Dec-07 03:23:39.927 [Task submitter] DEBUG n.executor.local.LocalTaskHandler - Launch cmd line: /bin/bash -ue .command.run
Dec-07 03:23:39.929 [Task submitter] INFO  nextflow.Session - [f0/292610] Submitted process > uppercase
Dec-07 03:23:39.965 [Task monitor] DEBUG n.processor.TaskPollingMonitor - Task completed > TaskHandler[id: 1; name: uppercase; status: COMPLETED; exit: 0; error: -; workDir: /Users/aarond/Documents/mini-assignments-aarons767/A15_Nextflow/work/f0/2926100bfd6ad59ba758372effbe07]
Dec-07 03:23:39.966 [Task monitor] DEBUG nextflow.util.ThreadPoolBuilder - Creating thread pool 'TaskFinalizer' minSize=10; maxSize=24; workQueue=LinkedBlockingQueue[10000]; allowCoreThreadTimeout=false
Dec-07 03:23:39.986 [TaskFinalizer-1] DEBUG nextflow.util.ThreadPoolBuilder - Creating thread pool 'PublishDir' minSize=10; maxSize=24; workQueue=LinkedBlockingQueue[10000]; allowCoreThreadTimeout=false
Dec-07 03:23:39.989 [main] DEBUG nextflow.Session - Session await > all processes finished
Dec-07 03:23:40.068 [Task monitor] DEBUG n.processor.TaskPollingMonitor - <<< barrier arrives (monitor: local) - terminating tasks monitor poll loop
Dec-07 03:23:40.068 [main] DEBUG nextflow.Session - Session await > all barriers passed
Dec-07 03:23:40.069 [main] DEBUG nextflow.util.ThreadPoolManager - Thread pool 'TaskFinalizer' shutdown completed (hard=false)
Dec-07 03:23:40.070 [main] DEBUG nextflow.util.ThreadPoolManager - Thread pool 'PublishDir' shutdown completed (hard=false)
Dec-07 03:23:40.073 [main] DEBUG n.trace.WorkflowStatsObserver - Workflow completed > WorkflowStats[succeededCount=1; failedCount=0; ignoredCount=0; cachedCount=0; pendingCount=0; submittedCount=0; runningCount=0; retriesCount=0; abortedCount=0; succeedDuration=2ms; failedDuration=0ms; cachedDuration=0ms;loadCpus=0; loadMemory=0; peakRunning=1; peakCpus=1; peakMemory=0; ]
Dec-07 03:23:40.217 [main] DEBUG nextflow.cache.CacheDB - Closing CacheDB done
Dec-07 03:23:40.230 [main] DEBUG nextflow.util.ThreadPoolManager - Thread pool 'FileTransfer' shutdown completed (hard=false)
Dec-07 03:23:40.230 [main] DEBUG nextflow.script.ScriptRunner - > Execution complete -- Goodbye
